* This is the StructMobWeight report file that is output every time the server starts.
* 
* Spawn Balance Utility (SBU) will use this file ONLY if it is renamed to StructMobWeight.csv.
* Lines starting with '*' are comments and ignored
* It allows you to add and remove mobs and adjust their spawnweights for Structures
* like shipwrecks, nether fortresses, water monuments, etc.
* 
1, idas:abandoned_lighthouse, HEADING, header:ignore, 0, 0, 0
2, idas:abandonedhouse, HEADING, header:ignore, 0, 0, 0
3, alexscaves:abyssal_ruins, HEADING, header:ignore, 0, 0, 0
4, alexscaves:abyssal_ruins, MONSTER, alexscaves:mine_guardian, 20, 1, 2
5, alexscaves:acid_pit, HEADING, header:ignore, 0, 0, 0
6, integrated_villages:airship_village, HEADING, header:ignore, 0, 0, 0
7, netherdungeons:altar, HEADING, header:ignore, 0, 0, 0
8, minecraft:ancient_city, HEADING, header:ignore, 0, 0, 0
9, unusualend:ancient_end_tower, HEADING, header:ignore, 0, 0, 0
10, idas:ancient_mines, HEADING, header:ignore, 0, 0, 0
11, idas:ancient_mines, MONSTER, minecraft:silverfish, 10, 1, 1
12, idas:ancient_mines, MONSTER, quark:wraith, 10, 1, 1
13, idas:ancient_portal/ancient_portal, HEADING, header:ignore, 0, 0, 0
14, idas:ancient_portal/ancient_portal, MONSTER, minecraft:silverfish, 10, 1, 4
15, idas:ancient_portal/ancient_portal, MONSTER, quark:wraith, 10, 1, 4
16, idas:ancient_portal/nether_ancient_portal, HEADING, header:ignore, 0, 0, 0
17, idas:ancient_portal/nether_ancient_portal, MONSTER, quark:wraith, 10, 1, 1
18, idas:ancient_statue/ancient_statue_desert, HEADING, header:ignore, 0, 0, 0
19, idas:ancient_statue/ancient_statue_jungle, HEADING, header:ignore, 0, 0, 0
20, idas:ancient_statue/ancient_statue_plains, HEADING, header:ignore, 0, 0, 0
21, idas:animal_den/forest_den, HEADING, header:ignore, 0, 0, 0
22, idas:animal_den/foxhound_den, HEADING, header:ignore, 0, 0, 0
23, idas:animal_den/polar_bear_den, HEADING, header:ignore, 0, 0, 0
24, spawn:ant_mount, HEADING, header:ignore, 0, 0, 0
25, idas:apothecary_abode, HEADING, header:ignore, 0, 0, 0
26, idas:ars_nouveau/archmages_tower, HEADING, header:ignore, 0, 0, 0
27, minecraft:bastion_remnant, HEADING, header:ignore, 0, 0, 0
28, idas:bazaar, HEADING, header:ignore, 0, 0, 0
29, idas:bearclaw_inn, HEADING, header:ignore, 0, 0, 0
30, idas:beekeepers_house, HEADING, header:ignore, 0, 0, 0
31, cloudstorage:big_balloon, HEADING, header:ignore, 0, 0, 0
32, twigs:bloodstone_obelisk, HEADING, header:ignore, 0, 0, 0
33, oreganized:boulder, HEADING, header:ignore, 0, 0, 0
34, brewery:brewfest_tent, HEADING, header:ignore, 0, 0, 0
35, idas:brickhouse, HEADING, header:ignore, 0, 0, 0
36, minecraft:buried_treasure, HEADING, header:ignore, 0, 0, 0
37, integrated_villages:cabin_village, HEADING, header:ignore, 0, 0, 0
38, alexscaves:cake_cave, HEADING, header:ignore, 0, 0, 0
39, idas:castle, HEADING, header:ignore, 0, 0, 0
40, undergarden:catacombs, HEADING, header:ignore, 0, 0, 0
41, undergarden:catacombs, MONSTER, undergarden:forgotten, 10, 1, 1
42, netherexp:chapel, HEADING, header:ignore, 0, 0, 0
43, unusualend:chorus_cane, HEADING, header:ignore, 0, 0, 0
44, spelunkery:cinnabar_wire, HEADING, header:ignore, 0, 0, 0
45, born_in_chaos_v1:clown_caravan_plains, HEADING, header:ignore, 0, 0, 0
46, born_in_chaos_v1:clown_caravan_savanna, HEADING, header:ignore, 0, 0, 0
47, born_in_chaos_v1:clown_caravan_taiga, HEADING, header:ignore, 0, 0, 0
48, idas:cottage, HEADING, header:ignore, 0, 0, 0
49, born_in_chaos_v1:dark_tower_forest, HEADING, header:ignore, 0, 0, 0
50, born_in_chaos_v1:dark_tower_plain, HEADING, header:ignore, 0, 0, 0
51, born_in_chaos_v1:dark_tower_taiga, HEADING, header:ignore, 0, 0, 0
52, idas:desert_camp/desert_camp, HEADING, header:ignore, 0, 0, 0
53, idas:desert_camp/desert_camp_bygwindswept, HEADING, header:ignore, 0, 0, 0
54, idas:desert_camp/desert_camp_orange, HEADING, header:ignore, 0, 0, 0
55, idas:desert_camp/desert_camp_red, HEADING, header:ignore, 0, 0, 0
56, idas:desert_market/desert_market, HEADING, header:ignore, 0, 0, 0
57, idas:desert_market/desert_market_orange, HEADING, header:ignore, 0, 0, 0
58, idas:desert_market/desert_market_red, HEADING, header:ignore, 0, 0, 0
59, idas:desert_pyramid, HEADING, header:ignore, 0, 0, 0
60, minecraft:desert_pyramid, HEADING, header:ignore, 0, 0, 0
61, netherexp:devils_bluff, HEADING, header:ignore, 0, 0, 0
62, idas:dig_site/dig_site, HEADING, header:ignore, 0, 0, 0
63, idas:dig_site/dig_site_desert, HEADING, header:ignore, 0, 0, 0
64, alexscaves:dino_bowl, HEADING, header:ignore, 0, 0, 0
65, alexscaves:donut_arch, HEADING, header:ignore, 0, 0, 0
66, nullscape:dragon_skeleton, HEADING, header:ignore, 0, 0, 0
67, idas:enchantingtower, HEADING, header:ignore, 0, 0, 0
68, minecraft:end_city, HEADING, header:ignore, 0, 0, 0
69, minecraft:end_city, MONSTER, alexsmobs:mimicube, 40, 1, 3
70, unusualend:end_house, HEADING, header:ignore, 0, 0, 0
71, tetra:extractor_ruin, HEADING, header:ignore, 0, 0, 0
72, habitat:fairy_ring, HEADING, header:ignore, 0, 0, 0
73, habitat:fairy_ring, CREATURE, habitat:pooka, 10, 4, 4
74, boss_keys:fallen_monster_room, HEADING, header:ignore, 0, 0, 0
75, born_in_chaos_v1:farm, HEADING, header:ignore, 0, 0, 0
76, idas:farmhouse, HEADING, header:ignore, 0, 0, 0
77, alexscaves:ferrocave, HEADING, header:ignore, 0, 0, 0
78, flying_stuff:fil_0, HEADING, header:ignore, 0, 0, 0
79, unusualend:firefly_nest, HEADING, header:ignore, 0, 0, 0
80, born_in_chaos_v1:firewell, HEADING, header:ignore, 0, 0, 0
81, idas:fishermans_lodge, HEADING, header:ignore, 0, 0, 0
82, flying_stuff:floating_tower, HEADING, header:ignore, 0, 0, 0
83, flying_stuff:floating_village, HEADING, header:ignore, 0, 0, 0
84, unusualend:flying_end_ship, HEADING, header:ignore, 0, 0, 0
85, unusualend:flying_end_ship, MONSTER, unusualend:undead_enderling, 10, 3, 5
86, undergarden:forgotten_vestige, HEADING, header:ignore, 0, 0, 0
87, alexscaves:forlorn_bridge, HEADING, header:ignore, 0, 0, 0
88, alexscaves:forlorn_canyon, HEADING, header:ignore, 0, 0, 0
89, minecraft:fortress, HEADING, header:ignore, 0, 0, 0
90, minecraft:fortress, MONSTER, minecraft:blaze, 10, 2, 3
91, minecraft:fortress, MONSTER, minecraft:zombified_piglin, 10, 4, 4
92, minecraft:fortress, MONSTER, minecraft:wither_skeleton, 10, 5, 5
93, minecraft:fortress, MONSTER, minecraft:skeleton, 10, 5, 5
94, minecraft:fortress, MONSTER, minecraft:magma_cube, 10, 4, 4
95, mowziesmobs:frostmaw_spawn, HEADING, header:ignore, 0, 0, 0
96, idas:frozen_crypt, HEADING, header:ignore, 0, 0, 0
97, biomemakeover:ghost_town, HEADING, header:ignore, 0, 0, 0
98, biomemakeover:ghost_town, MONSTER, biomemakeover:ghost, 80, 2, 4
99, snowyspirit:gingerbread_house, HEADING, header:ignore, 0, 0, 0
100, snowyspirit:gingerbread_house, MONSTER, minecraft:witch, 10, 1, 1
101, snowyspirit:gingerbread_house, CREATURE, minecraft:pig, 10, 1, 1
102, alexscaves:gingerbread_town, HEADING, header:ignore, 0, 0, 0
103, alexscaves:gingerbread_town, MONSTER, alexscaves:gingerbread_man, 80, 4, 4
104, flying_stuff:glaciated_great_sky_island, HEADING, header:ignore, 0, 0, 0
105, flying_stuff:glaciated_sky_castle, HEADING, header:ignore, 0, 0, 0
106, flying_stuff:glaciated_sky_dungeon, HEADING, header:ignore, 0, 0, 0
107, unusualend:gloopy_nest, HEADING, header:ignore, 0, 0, 0
108, flying_stuff:golden_floating_dungeon, HEADING, header:ignore, 0, 0, 0
109, born_in_chaos_v1:grave_2003wise, HEADING, header:ignore, 0, 0, 0
110, born_in_chaos_v1:grave_darktitan, HEADING, header:ignore, 0, 0, 0
111, born_in_chaos_v1:grave_derivas, HEADING, header:ignore, 0, 0, 0
112, born_in_chaos_v1:grave_fubuki_banzai, HEADING, header:ignore, 0, 0, 0
113, born_in_chaos_v1:grave_orion, HEADING, header:ignore, 0, 0, 0
114, born_in_chaos_v1:grave_petasi, HEADING, header:ignore, 0, 0, 0
115, flying_stuff:great_sky_island, HEADING, header:ignore, 0, 0, 0
116, flying_stuff:grounddecogolden, HEADING, header:ignore, 0, 0, 0
117, idas:haunted_manor, HEADING, header:ignore, 0, 0, 0
118, idas:haunted_manor, MONSTER, quark:wraith, 10, 3, 4
119, healpgood:heartstructure, HEADING, header:ignore, 0, 0, 0
120, idas:hermits_hollow, HEADING, header:ignore, 0, 0, 0
121, idas:hunters_cabin, HEADING, header:ignore, 0, 0, 0
122, idas:iceandfire/dread_citadel, HEADING, header:ignore, 0, 0, 0
123, minecraft:igloo, HEADING, header:ignore, 0, 0, 0
124, born_in_chaos_v1:infernal_pumpkin, HEADING, header:ignore, 0, 0, 0
125, exquisito:inverted_ruins, HEADING, header:ignore, 0, 0, 0
126, minecraft:jungle_pyramid, HEADING, header:ignore, 0, 0, 0
127, integrated_villages:kutcha_village, HEADING, header:ignore, 0, 0, 0
128, dungeonnowloading:labyrinth, HEADING, header:ignore, 0, 0, 0
129, dungeonnowloading:labyrinth, MONSTER, minecraft:spider, 80, 4, 4
130, dungeonnowloading:labyrinth, MONSTER, minecraft:zombie, 80, 4, 4
131, dungeonnowloading:labyrinth, MONSTER, minecraft:zombie_villager, 10, 1, 1
132, dungeonnowloading:labyrinth, MONSTER, minecraft:skeleton, 80, 4, 4
133, dungeonnowloading:labyrinth, MONSTER, minecraft:creeper, 80, 4, 4
134, dungeonnowloading:labyrinth, MONSTER, minecraft:slime, 80, 4, 4
135, dungeonnowloading:labyrinth, MONSTER, minecraft:enderman, 10, 1, 4
136, dungeonnowloading:labyrinth, MONSTER, minecraft:witch, 10, 1, 1
137, dungeonnowloading:labyrinth, MONSTER, minecraft:drowned, 80, 4, 4
138, dungeonnowloading:labyrinth, AMBIENT, minecraft:bat, 10, 8, 8
139, dungeonnowloading:labyrinth, UNDERGROUND_WATER_CREATURE, minecraft:glow_squid, 10, 4, 6
140, idas:labyrinth, HEADING, header:ignore, 0, 0, 0
141, flying_stuff:lavic_great_sky_island, HEADING, header:ignore, 0, 0, 0
142, flying_stuff:lavic_huge_spike, HEADING, header:ignore, 0, 0, 0
143, flying_stuff:lavic_railway, HEADING, header:ignore, 0, 0, 0
144, flying_stuff:lavic_tower, HEADING, header:ignore, 0, 0, 0
145, flying_stuff:lavspike_0, HEADING, header:ignore, 0, 0, 0
146, flying_stuff:lavspike_1, HEADING, header:ignore, 0, 0, 0
147, flying_stuff:lavspike_2, HEADING, header:ignore, 0, 0, 0
148, alexscaves:licowitch_tower, HEADING, header:ignore, 0, 0, 0
149, alexscaves:licowitch_tower, MONSTER, alexscaves:licowitch, 70, 1, 1
150, alexscaves:licowitch_tower, MONSTER, minecraft:witch, 30, 1, 1
151, idas:lumber_camp/lumber_camp_acacia, HEADING, header:ignore, 0, 0, 0
152, idas:lumber_camp/lumber_camp_birch, HEADING, header:ignore, 0, 0, 0
153, idas:lumber_camp/lumber_camp_bopmahogany, HEADING, header:ignore, 0, 0, 0
154, idas:lumber_camp/lumber_camp_bopredwood, HEADING, header:ignore, 0, 0, 0
155, idas:lumber_camp/lumber_camp_bygmahogany, HEADING, header:ignore, 0, 0, 0
156, idas:lumber_camp/lumber_camp_bygredwood, HEADING, header:ignore, 0, 0, 0
157, idas:lumber_camp/lumber_camp_dark_oak, HEADING, header:ignore, 0, 0, 0
158, idas:lumber_camp/lumber_camp_jungle, HEADING, header:ignore, 0, 0, 0
159, idas:lumber_camp/lumber_camp_oak, HEADING, header:ignore, 0, 0, 0
160, idas:lumber_camp/lumber_camp_spruce, HEADING, header:ignore, 0, 0, 0
161, ad_astra:lunar_tower, HEADING, header:ignore, 0, 0, 0
162, ad_astra:lunarian_village, HEADING, header:ignore, 0, 0, 0
163, biomemakeover:mansion, HEADING, header:ignore, 0, 0, 0
164, minecraft:mansion, HEADING, header:ignore, 0, 0, 0
165, autumnity:maple_hut, HEADING, header:ignore, 0, 0, 0
166, autumnity:maple_hut, MONSTER, minecraft:witch, 10, 1, 1
167, autumnity:maple_hut, CREATURE, minecraft:cat, 10, 1, 1
168, integrated_villages:marketstead_village, HEADING, header:ignore, 0, 0, 0
169, ad_astra:mars_temple, HEADING, header:ignore, 0, 0, 0
170, integrated_villages:mediterranean_village, HEADING, header:ignore, 0, 0, 0
171, netherexp:mega_fossil, HEADING, header:ignore, 0, 0, 0
172, netherexp:mega_fossil_campsite, HEADING, header:ignore, 0, 0, 0
173, netherexp:mega_fossil_campsite, MONSTER, minecraft:skeleton, 10, 1, 1
174, netherexp:mega_fossil_campsite, MONSTER, netherexp:vessel, 10, 1, 1
175, minecraft:mineshaft, HEADING, header:ignore, 0, 0, 0
176, minecraft:mineshaft, AMBIENT, alexsmobs:underminer, 50, 1, 1
177, minecraft:mineshaft_mesa, HEADING, header:ignore, 0, 0, 0
178, minecraft:mineshaft_mesa, AMBIENT, alexsmobs:underminer, 50, 1, 1
179, minecraft:monument, HEADING, header:ignore, 0, 0, 0
180, minecraft:monument, MONSTER, minecraft:guardian, 10, 2, 4
181, ad_astra:moon_dungeon, HEADING, header:ignore, 0, 0, 0
182, integrated_villages:mossy_mounds, HEADING, header:ignore, 0, 0, 0
183, born_in_chaos_v1:mound_of_hounds, HEADING, header:ignore, 0, 0, 0
184, biomemakeover:mushroom_house, HEADING, header:ignore, 0, 0, 0
185, idas:necromancers_spire, HEADING, header:ignore, 0, 0, 0
186, idas:necromancers_spire, MONSTER, quark:wraith, 10, 1, 1
187, minecraft:nether_fossil, HEADING, header:ignore, 0, 0, 0
188, minecraft:nether_fossil, MONSTER, alexsmobs:soul_vulture, 30, 1, 1
189, idas:nexus, HEADING, header:ignore, 0, 0, 0
190, idas:nexus, MONSTER, minecraft:silverfish, 10, 1, 4
191, idas:nexus, MONSTER, quark:wraith, 10, 1, 4
192, integrated_villages:oasis_village, HEADING, header:ignore, 0, 0, 0
193, born_in_chaos_v1:observation_tower_forest, HEADING, header:ignore, 0, 0, 0
194, born_in_chaos_v1:observation_tower_plains, HEADING, header:ignore, 0, 0, 0
195, minecraft:ocean_ruin_cold, HEADING, header:ignore, 0, 0, 0
196, minecraft:ocean_ruin_warm, HEADING, header:ignore, 0, 0, 0
197, alexscaves:ocean_trench, HEADING, header:ignore, 0, 0, 0
198, ad_astra:oil_well, HEADING, header:ignore, 0, 0, 0
199, species:paleontology_dig_site, HEADING, header:ignore, 0, 0, 0
200, netherdungeons:piglin_house, HEADING, header:ignore, 0, 0, 0
201, idas:pillager_camp, HEADING, header:ignore, 0, 0, 0
202, idas:pillager_fortress, HEADING, header:ignore, 0, 0, 0
203, minecraft:pillager_outpost, HEADING, header:ignore, 0, 0, 0
204, minecraft:pillager_outpost, MONSTER, minecraft:pillager, 10, 1, 1
205, blocky_siege:pillager_ship, HEADING, header:ignore, 0, 0, 0
206, galosphere:pink_salt_shrine, HEADING, header:ignore, 0, 0, 0
207, integrated_villages:pirate_village, HEADING, header:ignore, 0, 0, 0
208, flying_stuff:portal, HEADING, header:ignore, 0, 0, 0
209, ad_astra:pygro_tower, HEADING, header:ignore, 0, 0, 0
210, ad_astra:pygro_village, HEADING, header:ignore, 0, 0, 0
211, integrated_villages:quark/minka_village, HEADING, header:ignore, 0, 0, 0
212, idas:redhorn_guild, HEADING, header:ignore, 0, 0, 0
213, tetra:regular_ruin, HEADING, header:ignore, 0, 0, 0
214, tetra:regular_ruin, MONSTER, minecraft:stray, 10, 4, 16
215, goodending:revamped_swamp_hut, HEADING, header:ignore, 0, 0, 0
216, ribbits:ribbit_village, HEADING, header:ignore, 0, 0, 0
217, minecraft:ruined_portal, HEADING, header:ignore, 0, 0, 0
218, minecraft:ruined_portal_desert, HEADING, header:ignore, 0, 0, 0
219, minecraft:ruined_portal_jungle, HEADING, header:ignore, 0, 0, 0
220, minecraft:ruined_portal_mountain, HEADING, header:ignore, 0, 0, 0
221, minecraft:ruined_portal_nether, HEADING, header:ignore, 0, 0, 0
222, minecraft:ruined_portal_ocean, HEADING, header:ignore, 0, 0, 0
223, minecraft:ruined_portal_swamp, HEADING, header:ignore, 0, 0, 0
224, idas:ruins_of_the_deep, HEADING, header:ignore, 0, 0, 0
225, netherexp:sanctum, HEADING, header:ignore, 0, 0, 0
226, netherexp:sanctum, MONSTER, minecraft:skeleton, 10, 1, 3
227, netherexp:sanctum, MONSTER, netherexp:vessel, 10, 1, 2
228, netherexp:sanctum, MONSTER, netherexp:banshee, 10, 1, 1
229, netherexp:sanctum, MONSTER, netherexp:apparition, 10, 1, 1
230, sculkhorde:sculk_tomb_main, HEADING, header:ignore, 0, 0, 0
231, minecraft:shipwreck, HEADING, header:ignore, 0, 0, 0
232, minecraft:shipwreck, MONSTER, alexsmobs:skelewag, 15, 1, 2
233, minecraft:shipwreck_beached, HEADING, header:ignore, 0, 0, 0
234, cloudstorage:sky_temple, HEADING, header:ignore, 0, 0, 0
235, flying_stuff:skyarena, HEADING, header:ignore, 0, 0, 0
236, flying_stuff:skyarenaice, HEADING, header:ignore, 0, 0, 0
237, flying_stuff:skyarenalavic, HEADING, header:ignore, 0, 0, 0
238, unusualend:small_gloopy_ruins, HEADING, header:ignore, 0, 0, 0
239, idas:snifferhenge, HEADING, header:ignore, 0, 0, 0
240, alexscaves:soda_bottle, HEADING, header:ignore, 0, 0, 0
241, integrated_stronghold:stronghold, HEADING, header:ignore, 0, 0, 0
242, integrated_stronghold:stronghold, MONSTER, minecraft:silverfish, 10, 1, 2
243, integrated_stronghold:stronghold, MONSTER, minecraft:enderman, 10, 1, 1
244, minecraft:stronghold, HEADING, header:ignore, 0, 0, 0
245, biomemakeover:sunken_ruin, HEADING, header:ignore, 0, 0, 0
246, idas:sunken_ship/sunken_ship, HEADING, header:ignore, 0, 0, 0
247, idas:sunken_ship/sunken_ship, MONSTER, quark:wraith, 10, 1, 2
248, idas:sunken_ship/sunken_ship_coral, HEADING, header:ignore, 0, 0, 0
249, idas:sunken_ship/sunken_ship_coral, MONSTER, quark:wraith, 10, 1, 2
250, idas:sunken_ship/sunken_ship_ruins, HEADING, header:ignore, 0, 0, 0
251, minecraft:swamp_hut, HEADING, header:ignore, 0, 0, 0
252, minecraft:swamp_hut, MONSTER, minecraft:witch, 10, 1, 1
253, minecraft:swamp_hut, CREATURE, minecraft:cat, 10, 1, 1
254, integrated_villages:tavern_village, HEADING, header:ignore, 0, 0, 0
255, idas:tinkers_citadel, HEADING, header:ignore, 0, 0, 0
256, idas:tinkers_workshop, HEADING, header:ignore, 0, 0, 0
257, minecraft:trail_ruins, HEADING, header:ignore, 0, 0, 0
258, idas:train_ruins, HEADING, header:ignore, 0, 0, 0
259, idas:tree_of_wisdom, HEADING, header:ignore, 0, 0, 0
260, idas:treetop_tavern, HEADING, header:ignore, 0, 0, 0
261, trials:trials_chambers, HEADING, header:ignore, 0, 0, 0
262, mowziesmobs:umvuthana_grove, HEADING, header:ignore, 0, 0, 0
263, alexscaves:underground_cabin, HEADING, header:ignore, 0, 0, 0
264, idas:underground_camp/underground_camp, HEADING, header:ignore, 0, 0, 0
265, idas:underground_camp/underground_camp_deep, HEADING, header:ignore, 0, 0, 0
266, ad_astra:venus_bullet, HEADING, header:ignore, 0, 0, 0
267, natures_spirit:village_adobe, HEADING, header:ignore, 0, 0, 0
268, natures_spirit:village_coconut, HEADING, header:ignore, 0, 0, 0
269, natures_spirit:village_cypress, HEADING, header:ignore, 0, 0, 0
270, minecraft:village_desert, HEADING, header:ignore, 0, 0, 0
271, minecraft:village_plains, HEADING, header:ignore, 0, 0, 0
272, minecraft:village_savanna, HEADING, header:ignore, 0, 0, 0
273, minecraft:village_snowy, HEADING, header:ignore, 0, 0, 0
274, minecraft:village_taiga, HEADING, header:ignore, 0, 0, 0
275, natures_spirit:village_wisteria, HEADING, header:ignore, 0, 0, 0
276, alexscaves:volcano, HEADING, header:ignore, 0, 0, 0
277, unusualend:wanderer_island, HEADING, header:ignore, 0, 0, 0
278, unusualend:warped_flying_end_ship, HEADING, header:ignore, 0, 0, 0
279, unusualend:warped_flying_end_ship, MONSTER, unusualend:bluk, 10, 2, 3
280, unusualend:warped_flying_end_ship, MONSTER, unusualend:spunkler, 10, 1, 2
281, unusualend:warped_flying_end_ship, MONSTER, unusualend:bolok, 10, 1, 1
282, unusualend:warped_station, HEADING, header:ignore, 0, 0, 0
283, idas:washing_camp, HEADING, header:ignore, 0, 0, 0
284, supplementaries:way_sign, HEADING, header:ignore, 0, 0, 0
285, idas:winter_wagon, HEADING, header:ignore, 0, 0, 0
286, idas:witches_treestump, HEADING, header:ignore, 0, 0, 0
287, idas:witches_treestump, MONSTER, minecraft:witch, 10, 1, 1
288, idas:witches_treestump, CREATURE, minecraft:cat, 10, 1, 1
289, idas:wizard_tower, HEADING, header:ignore, 0, 0, 0
290, species:wraptor_coop, HEADING, header:ignore, 0, 0, 0
291, mowziesmobs:wrought_chamber, HEADING, header:ignore, 0, 0, 0
