[18:37:31.976][INFO][CraftTweaker-EarlyInit]: CraftTweaker is running on a Minecraft 1.20.1 production client modded with platform Forge
[18:37:32.023][INFO][CraftTweaker-EarlyInit]: Successfully injected RecipeFS file system
[18:37:32.153][INFO][CraftTweaker-Plugins]: Successfully identified and loaded plugin crafttweaker:builtin
[18:37:32.160][INFO][CraftTweaker-Plugins]: Successfully identified and loaded plugin crafttweaker:builtin_forge
[18:37:32.170][INFO][CraftTweaker-Plugins]: Successfully identified and loaded plugin farmersdelight:crafttweaker_plugin
[18:37:34.237][INFO][CraftTweaker]: The following mods have explicit CraftTweaker support through the default plugin:
[18:37:34.238][INFO][CraftTweaker]: - 'crafttweaker' at version '14.0.36'
[18:37:34.238][INFO][CraftTweaker]: - 'farmersdelight' at version '1.20.1-1.2.4'
[18:37:47.054][INFO][CraftTweaker-ZenCode]: Started loading scripts for loader 'initialize'
[18:37:47.477][INFO][CraftTweaker-ZenCode]: Compiling and executing scripts
[18:37:47.524][INFO][CraftTweaker-ZenCode]: Successfully initialized modules [crafttweaker, expansions]
[18:37:47.820][INFO][CraftTweaker-ZenCode]: Execution for loader 'initialize' completed successfully
[18:39:20.141][INFO][CraftTweaker-ZenCode]: Started loading scripts for loader 'tags'
[18:39:20.159][INFO][CraftTweaker-ZenCode]: Compiling and executing scripts
[18:39:20.173][INFO][CraftTweaker-ZenCode]: Successfully initialized modules [crafttweaker, expansions]
[18:39:20.181][INFO][CraftTweaker-ZenCode]: Execution for loader 'tags' completed successfully
[18:39:22.634][INFO][CraftTweaker]: CraftTweaker reload starting!
[18:39:22.641][INFO][CraftTweaker-ZenCode]: Started loading scripts for loader 'crafttweaker'
[18:39:22.658][INFO][CraftTweaker-ZenCode]: Compiling and executing scripts
[18:39:23.056][INFO][CraftTweaker-ZenCode]: Successfully initialized modules [mods, crafttweaker, expansions]
[18:39:23.057][INFO][CraftTweaker-ZenCode]: Loading file 'crafttweaker_removals.zs' with priority 0
[18:39:23.057][INFO][CraftTweaker-ZenCode]: Loading file 'crafttweaker_tags.zs' with priority 0
[18:39:23.066][INFO][CraftTweaker-ZenCode]: Loading file 'electrum_upgrade_smithing_template.zs' with priority 0
[18:39:23.067][INFO][CraftTweaker-ZenCode]: Loading file 'jade_upgrade_smithing_template.zs' with priority 0
[18:39:23.067][INFO][CraftTweaker-ZenCode]: Loading file 'netherite_upgrade_smithing_template.zs' with priority 0
[18:39:23.067][INFO][CraftTweaker-ZenCode]: Loading file 'silver_upgrade_smithing_template.zs' with priority 0
[18:39:23.067][INFO][CraftTweaker-ZenCode]: Loading file 'spawner.zs' with priority 0
[18:39:23.103][INFO][CraftTweaker]: Removing "minecraft:crafting" recipes with modid: "waystones"
[18:39:23.114][INFO][CraftTweaker]: Adding: [farmersdelight:flint_knife] to tag: <tag:items:forge:tools/knives>
[18:39:23.116][INFO][CraftTweaker]: Adding: [farmersdelight:flint_knife] to tag: <tag:items:forge:tools>
[18:39:23.116][INFO][CraftTweaker]: Adding: [farmersdelight:flint_knife] to tag: <tag:items:farmersdelight:tools/knives>
[18:39:23.116][INFO][CraftTweaker]: Adding: [farmersdelight:flint_knife] to tag: <tag:items:farmersdelight:straw_harvesters>
[18:39:23.117][INFO][CraftTweaker]: Adding: [farmersdelight:iron_knife] to tag: <tag:items:forge:tools/knives>
[18:39:23.117][INFO][CraftTweaker]: Adding: [farmersdelight:iron_knife] to tag: <tag:items:forge:tools>
[18:39:23.117][INFO][CraftTweaker]: Adding: [farmersdelight:iron_knife] to tag: <tag:items:farmersdelight:tools/knives>
[18:39:23.117][INFO][CraftTweaker]: Adding: [farmersdelight:iron_knife] to tag: <tag:items:farmersdelight:straw_harvesters>
[18:39:23.117][INFO][CraftTweaker]: Adding: [farmersdelight:golden_knife] to tag: <tag:items:forge:tools/knives>
[18:39:23.118][INFO][CraftTweaker]: Adding: [farmersdelight:golden_knife] to tag: <tag:items:forge:tools>
[18:39:23.118][INFO][CraftTweaker]: Adding: [farmersdelight:golden_knife] to tag: <tag:items:farmersdelight:tools/knives>
[18:39:23.118][INFO][CraftTweaker]: Adding: [farmersdelight:golden_knife] to tag: <tag:items:farmersdelight:straw_harvesters>
[18:39:23.118][INFO][CraftTweaker]: Adding: [farmersdelight:diamond_knife] to tag: <tag:items:forge:tools/knives>
[18:39:23.118][INFO][CraftTweaker]: Adding: [farmersdelight:diamond_knife] to tag: <tag:items:forge:tools>
[18:39:23.119][INFO][CraftTweaker]: Adding: [farmersdelight:diamond_knife] to tag: <tag:items:farmersdelight:tools/knives>
[18:39:23.119][INFO][CraftTweaker]: Adding: [farmersdelight:diamond_knife] to tag: <tag:items:farmersdelight:straw_harvesters>
[18:39:23.119][INFO][CraftTweaker]: Adding: [farmersdelight:netherite_knife] to tag: <tag:items:forge:tools/knives>
[18:39:23.119][INFO][CraftTweaker]: Adding: [farmersdelight:netherite_knife] to tag: <tag:items:forge:tools>
[18:39:23.119][INFO][CraftTweaker]: Adding: [farmersdelight:netherite_knife] to tag: <tag:items:farmersdelight:tools/knives>
[18:39:23.120][INFO][CraftTweaker]: Adding: [farmersdelight:netherite_knife] to tag: <tag:items:farmersdelight:straw_harvesters>
[18:39:23.120][INFO][CraftTweaker]: Adding: [delightful:electrum_knife] to tag: <tag:items:forge:tools/knives>
[18:39:23.120][INFO][CraftTweaker]: Adding: [delightful:electrum_knife] to tag: <tag:items:forge:tools>
[18:39:23.120][INFO][CraftTweaker]: Adding: [delightful:electrum_knife] to tag: <tag:items:farmersdelight:tools/knives>
[18:39:23.120][INFO][CraftTweaker]: Adding: [delightful:electrum_knife] to tag: <tag:items:farmersdelight:straw_harvesters>
[18:39:23.120][INFO][CraftTweaker]: Adding: [delightful:crystalline_knife] to tag: <tag:items:forge:tools/knives>
[18:39:23.121][INFO][CraftTweaker]: Adding: [delightful:crystalline_knife] to tag: <tag:items:forge:tools>
[18:39:23.121][INFO][CraftTweaker]: Adding: [delightful:crystalline_knife] to tag: <tag:items:farmersdelight:tools/knives>
[18:39:23.121][INFO][CraftTweaker]: Adding: [delightful:crystalline_knife] to tag: <tag:items:farmersdelight:straw_harvesters>
[18:39:23.121][INFO][CraftTweaker]: Adding: [enlightened_end:adamantite_knife] to tag: <tag:items:forge:tools/knives>
[18:39:23.121][INFO][CraftTweaker]: Adding: [enlightened_end:adamantite_knife] to tag: <tag:items:forge:tools>
[18:39:23.122][INFO][CraftTweaker]: Adding: [enlightened_end:adamantite_knife] to tag: <tag:items:farmersdelight:tools/knives>
[18:39:23.122][INFO][CraftTweaker]: Adding: [enlightened_end:adamantite_knife] to tag: <tag:items:farmersdelight:straw_harvesters>
[18:39:23.132][INFO][CraftTweaker]: Adding 'minecraft:crafting' recipe, of type: "shaped", with name: 'crafttweaker:electrumsmith' that outputs: '<item:oreganized:electrum_upgrade_smithing_template>'
[18:39:23.132][INFO][CraftTweaker]: Adding 'minecraft:crafting' recipe, of type: "shaped", with name: 'crafttweaker:jadesmith' that outputs: '<item:sullysmod:jade_upgrade_smithing_template>'
[18:39:23.133][INFO][CraftTweaker]: Adding 'minecraft:crafting' recipe, of type: "shaped", with name: 'crafttweaker:netheritesmith' that outputs: '<item:minecraft:netherite_upgrade_smithing_template>'
[18:39:23.133][INFO][CraftTweaker]: Adding 'minecraft:crafting' recipe, of type: "shaped", with name: 'crafttweaker:silversmith' that outputs: '<item:galosphere:silver_upgrade_smithing_template>'
[18:39:23.133][INFO][CraftTweaker]: Adding 'minecraft:crafting' recipe, of type: "shaped", with name: 'crafttweaker:spawnerrecipe' that outputs: '<item:minecraft:spawner>'
[18:39:23.133][INFO][CraftTweaker-ZenCode]: Execution for loader 'crafttweaker' completed successfully
[18:39:23.135][INFO][CraftTweaker]: CraftTweaker reload complete!
[18:39:23.136][INFO][CraftTweaker]: This reload was made possible by Ncc1702 and more! Become a patron at https://patreon.com/jaredlll08?s=crtmod
