[22:22:11] [modloading-worker-0/INFO] ========================================
[22:22:11] [modloading-worker-0/INFO] Minecraft: 1.20.1
[22:22:11] [modloading-worker-0/INFO] Side: client
[22:22:11] [modloading-worker-0/INFO] Development: false
[22:22:11] [modloading-worker-0/INFO] Version: 12.1.785
[22:22:11] [modloading-worker-0/INFO] Loader:
[22:22:11] [modloading-worker-0/INFO] - Forge: 47.2.17
[22:22:11] [modloading-worker-0/INFO] Dependencies:
[22:22:11] [modloading-worker-0/INFO] - Cloth Config: 11.1.136
[22:22:11] [modloading-worker-0/INFO] - Architectury: 9.2.14
[22:22:11] [modloading-worker-0/INFO] Mixin: 0.8.5
[22:22:11] [modloading-worker-0/INFO] OS: Windows 10 10.0 (amd64)
[22:22:11] [modloading-worker-0/INFO] Java: 17.0.8.1 (Azul Systems, Inc.)
[22:22:11] [modloading-worker-0/INFO] ========================================
[22:22:11] [modloading-worker-0/INFO] Mods:
[22:22:11] [modloading-worker-0/INFO] - ad_astra: 1.15.19
[22:22:11] [modloading-worker-0/INFO] - additionalplacements: 2.1.0
[22:22:11] [modloading-worker-0/INFO] - adtetra: 2.1.0
[22:22:11] [modloading-worker-0/INFO] - aiimprovements: 0.5.2
[22:22:11] [modloading-worker-0/INFO] - alexscaves: 2.0.2
[22:22:11] [modloading-worker-0/INFO] - alexsmobs: 1.22.9
[22:22:11] [modloading-worker-0/INFO] - allurement: 4.0.0
[22:22:11] [modloading-worker-0/INFO] - almostunified: 1.20.1-0.9.4
[22:22:11] [modloading-worker-0/INFO] - ambientenvironment: 11.0.0.1
[22:22:11] [modloading-worker-0/INFO] - ambientsounds: 6.1.3
[22:22:11] [modloading-worker-0/INFO] - amecsapi: 1.5.3+mc1.20-pre1
[22:22:11] [modloading-worker-0/INFO] - amendments: 1.20-1.2.12
[22:22:11] [modloading-worker-0/INFO] - antique_atlas: 2.10.01.20
[22:22:11] [modloading-worker-0/INFO] - archeological: 1.0.0
[22:22:11] [modloading-worker-0/INFO] - architects_palette: 1.3.6.1
[22:22:11] [modloading-worker-0/INFO] - architectury: 9.2.14
[22:22:11] [modloading-worker-0/INFO] - armorcurve: 3.0
[22:22:11] [modloading-worker-0/INFO] - aromatic: 1.0.3
[22:22:11] [modloading-worker-0/INFO] - athena: 3.1.2
[22:22:11] [modloading-worker-0/INFO] - attributefix: 21.0.4
[22:22:11] [modloading-worker-0/INFO] - auditory: 0.0.6-1.20.1
[22:22:11] [modloading-worker-0/INFO] - authme: 7.0.21.20
[22:22:11] [modloading-worker-0/INFO] - autumnity: 5.0.1
[22:22:11] [modloading-worker-0/INFO] - badoptimizations: 2.2.0
[22:22:11] [modloading-worker-0/INFO] - balm: 7.3.9
[22:22:11] [modloading-worker-0/INFO] - bbs: 1.20.1-0.1.3
[22:22:11] [modloading-worker-0/INFO] - beansbackpacks: 2.0.2
[22:22:11] [modloading-worker-0/INFO] - berry_good: 7.0.0
[22:22:11] [modloading-worker-0/INFO] - betteradvancements: 0.4.2.10
[22:22:11] [modloading-worker-0/INFO] - betterclouds: 1.3.211.20.1-fabric
[22:22:11] [modloading-worker-0/INFO] - bettercombat: 1.8.6+1.20.1
[22:22:11] [modloading-worker-0/INFO] - betterf3: 7.0.2
[22:22:11] [modloading-worker-0/INFO] - betterlightning: 1.1.0-1.20.1
[22:22:11] [modloading-worker-0/INFO] - biomemakeover: 1.20.1-1.11.4
[22:22:11] [modloading-worker-0/INFO] - blended_compat: 1.1.0
[22:22:11] [modloading-worker-0/INFO] - blockswap: 5.0.0.0
[22:22:11] [modloading-worker-0/INFO] - blocky_siege: 6.1.91
[22:22:11] [modloading-worker-0/INFO] - blue_endless_jankson: 1.2.2
[22:22:11] [modloading-worker-0/INFO] - blueprint: 7.1.0
[22:22:11] [modloading-worker-0/INFO] - blur: 3.1.1
[22:22:11] [modloading-worker-0/INFO] - bookshelf: 20.2.13
[22:22:11] [modloading-worker-0/INFO] - borderlessmining: 1.1.81.20.1
[22:22:11] [modloading-worker-0/INFO] - boss_keys: 1.0.0
[22:22:11] [modloading-worker-0/INFO] - botarium: 2.3.4
[22:22:11] [modloading-worker-0/INFO] - bountifulfares: 1.2.1-1.20.1
[22:22:11] [modloading-worker-0/INFO] - breezy: 1.2.1
[22:22:11] [modloading-worker-0/INFO] - brewery: 1.1.9
[22:22:11] [modloading-worker-0/INFO] - buzzier_bees: 6.0.0
[22:22:11] [modloading-worker-0/INFO] - caelus: 3.2.0+1.20.1
[22:22:11] [modloading-worker-0/INFO] - cameraoverhaul: 1.0.0
[22:22:11] [modloading-worker-0/INFO] - cardinal_components_base: 5.2.2
[22:22:11] [modloading-worker-0/INFO] - cardinal_components_entity: 5.2.2
[22:22:11] [modloading-worker-0/INFO] - cardinal_components_world: 5.2.2
[22:22:11] [modloading-worker-0/INFO] - catalogue: 1.8.0
[22:22:11] [modloading-worker-0/INFO] - cc_vs: 1.20.1-forge-0.1.1
[22:22:11] [modloading-worker-0/INFO] - chalk: 1.6.4
[22:22:11] [modloading-worker-0/INFO] - chat_heads: 0.13.6
[22:22:11] [modloading-worker-0/INFO] - chatpatches: 201.5.6
[22:22:11] [modloading-worker-0/INFO] - chefsdelight: 1.0.3-forge-1.20.1
[22:22:11] [modloading-worker-0/INFO] - cherishedworlds: 6.1.6+1.20.1
[22:22:11] [modloading-worker-0/INFO] - chunksfadein: 1.0.7-1.20.1
[22:22:11] [modloading-worker-0/INFO] - citadel: 2.6.0
[22:22:11] [modloading-worker-0/INFO] - citresewn: 1.20.1-5
[22:22:11] [modloading-worker-0/INFO] - cloth_config: 11.1.136
[22:22:11] [modloading-worker-0/INFO] - cloudstorage: 1.4.0
[22:22:11] [modloading-worker-0/INFO] - cobweb: 1.0.0
[22:22:11] [modloading-worker-0/INFO] - collective: 7.87
[22:22:11] [modloading-worker-0/INFO] - com_electronwill_night_config_core: 3.6.5
[22:22:11] [modloading-worker-0/INFO] - com_electronwill_night_config_toml: 3.6.5
[22:22:11] [modloading-worker-0/INFO] - com_github_jdiemke_delaunay_triangulator_delaunaytriangulator: 1.0.0
[22:22:11] [modloading-worker-0/INFO] - com_github_llamalad7_mixinextras: 0.2.0-rc.5
[22:22:11] [modloading-worker-0/INFO] - com_github_mclegoman_releasetypeutils: 2.0.0
[22:22:11] [modloading-worker-0/INFO] - com_moandjiezana_toml_toml4j: 0.7.2
[22:22:11] [modloading-worker-0/INFO] - com_moulberry_mixinconstraints: 1.0.1
[22:22:11] [modloading-worker-0/INFO] - combatroll: 1.3.3+1.20.1
[22:22:11] [modloading-worker-0/INFO] - computercraft: 1.114.2
[22:22:11] [modloading-worker-0/INFO] - conditional_mixin: 0.6.2
[22:22:11] [modloading-worker-0/INFO] - configurabledeath: 1.20.1-1.0.0
[22:22:11] [modloading-worker-0/INFO] - connectiblechains: 2.2.11.20.1
[22:22:11] [modloading-worker-0/INFO] - connectorextras: 0.0NONE
[22:22:11] [modloading-worker-0/INFO] - connectorextras_architectury_bridge: 1.11.2+1.20.1
[22:22:11] [modloading-worker-0/INFO] - connectorextras_emi_bridge: 1.11.2+1.20.1
[22:22:11] [modloading-worker-0/INFO] - connectorextras_energy_bridge: 1.11.2+1.20.1
[22:22:11] [modloading-worker-0/INFO] - connectorextras_geckolib_fabric_compat: 1.11.2+1.20.1
[22:22:11] [modloading-worker-0/INFO] - connectorextras_jei_bridge: 1.11.2+1.20.1
[22:22:11] [modloading-worker-0/INFO] - connectorextras_kubejs_bridge: 1.11.2+1.20.1
[22:22:11] [modloading-worker-0/INFO] - connectorextras_modmenu_bridge: 1.11.2+1.20.1
[22:22:11] [modloading-worker-0/INFO] - connectorextras_pehkui_bridge: 1.11.2+1.20.1
[22:22:11] [modloading-worker-0/INFO] - connectorextras_rei_bridge: 1.11.2+1.20.1
[22:22:11] [modloading-worker-0/INFO] - connectorextras_terrablender_bridge: 1.11.2+1.20.1
[22:22:11] [modloading-worker-0/INFO] - connectormod: 1.0.0-beta.46+1.20.1
[22:22:11] [modloading-worker-0/INFO] - controlling: 12.0.2
[22:22:11] [modloading-worker-0/INFO] - copperative: 1.1.0
[22:22:11] [modloading-worker-0/INFO] - copycats: 2.1.4+mc.1.20.1-forge
[22:22:11] [modloading-worker-0/INFO] - coroutil: 1.20.1-1.3.7
[22:22:11] [modloading-worker-0/INFO] - corpse: 1.20.1-1.0.17
[22:22:11] [modloading-worker-0/INFO] - cosmos: 0.0.7.2
[22:22:11] [modloading-worker-0/INFO] - crafttweaker: 14.0.44
[22:22:11] [modloading-worker-0/INFO] - create: 0.5.1.j
[22:22:11] [modloading-worker-0/INFO] - create_central_kitchen: 1.3.12
[22:22:11] [modloading-worker-0/INFO] - create_dragon_lib: 1.4.3
[22:22:11] [modloading-worker-0/INFO] - create_oppenheimered: 1.0.4
[22:22:11] [modloading-worker-0/INFO] - createaddition: 1.20.1-1.2.4e
[22:22:11] [modloading-worker-0/INFO] - createdieselgenerators: 1.20.1-1.2i
[22:22:11] [modloading-worker-0/INFO] - creativecore: 2.12.22
[22:22:11] [modloading-worker-0/INFO] - creeperoverhaul: 3.0.2
[22:22:11] [modloading-worker-0/INFO] - cristellib: 1.1.6
[22:22:11] [modloading-worker-0/INFO] - crowdin_translate: 1.41.19.3
[22:22:11] [modloading-worker-0/INFO] - crunchy_crunchy_advancements: 1.7.01.20
[22:22:11] [modloading-worker-0/INFO] - culllessleaves: 1.20.1-1.0.5
[22:22:11] [modloading-worker-0/INFO] - cyanide: 4.1.1
[22:22:11] [modloading-worker-0/INFO] - darkness: 1.0.1
[22:22:11] [modloading-worker-0/INFO] - dcch: 1
[22:22:11] [modloading-worker-0/INFO] - debugify: 1.20.12.0
[22:22:11] [modloading-worker-0/INFO] - defaultoptions: 18.0.1
[22:22:11] [modloading-worker-0/INFO] - dense_flowers: 0.2.1mc1.20.1
[22:22:11] [modloading-worker-0/INFO] - diet: 2.1.11.20.1
[22:22:11] [modloading-worker-0/INFO] - do_a_barrel_roll: 3.5.6+1.20.1
[22:22:11] [modloading-worker-0/INFO] - doapi: 1.2.15
[22:22:11] [modloading-worker-0/INFO] - dolt_mod_how: 2.1.1
[22:22:11] [modloading-worker-0/INFO] - domesticationinnovation: 1.7.1
[22:22:11] [modloading-worker-0/INFO] - doom_and_gloom: 1.0.2
[22:22:11] [modloading-worker-0/INFO] - drippyloadingscreen: 3.0.9
[22:22:11] [modloading-worker-0/INFO] - dungeonnowloading: 1.5
[22:22:11] [modloading-worker-0/INFO] - dweller_dweller: 3.13.1
[22:22:11] [modloading-worker-0/INFO] - dye_depot: 1.20.1-1.0.0
[22:22:11] [modloading-worker-0/INFO] - dye_the_world: 1.1.0
[22:22:11] [modloading-worker-0/INFO] - dynamiccrosshair: 7.4.4+1.20
[22:22:11] [modloading-worker-0/INFO] - e4mc_minecraft: 5.2.1
[22:22:11] [modloading-worker-0/INFO] - easel_does_it: 1.0.5
[22:22:11] [modloading-worker-0/INFO] - easyanvils: 8.0.2
[22:22:11] [modloading-worker-0/INFO] - easyshulkerboxes: 8.0.2
[22:22:11] [modloading-worker-0/INFO] - embeddium: 0.3.31+mc1.20.1
[22:22:11] [modloading-worker-0/INFO] - enchancement: 1.20-26
[22:22:11] [modloading-worker-0/INFO] - enchdesc: 17.1.19
[22:22:11] [modloading-worker-0/INFO] - endermanoverhaul: 1.0.4
[22:22:11] [modloading-worker-0/INFO] - endrem: 5.3.3-R-1.20.1
[22:22:11] [modloading-worker-0/INFO] - enhanced_mushrooms: 5.0.0
[22:22:11] [modloading-worker-0/INFO] - enlightened_end: 5.0.14
[22:22:11] [modloading-worker-0/INFO] - entity_model_features: 2.2.6
[22:22:11] [modloading-worker-0/INFO] - entity_texture_features: 6.2.8
[22:22:11] [modloading-worker-0/INFO] - entityculling: 1.7.1
[22:22:11] [modloading-worker-0/INFO] - etcetera: 1.20.1-1.1.3
[22:22:11] [modloading-worker-0/INFO] - etched: 3.0.2
[22:22:11] [modloading-worker-0/INFO] - everycomp: 1.20-2.6.87
[22:22:11] [modloading-worker-0/INFO] - experimentalsettingsdisabler: 3.0
[22:22:11] [modloading-worker-0/INFO] - explosiveenhancement: 1.2.1-1.20.x
[22:22:11] [modloading-worker-0/INFO] - exposure: 1.7.7
[22:22:11] [modloading-worker-0/INFO] - exquisito: 2.0.0
[22:22:11] [modloading-worker-0/INFO] - extra_compat: 1.5.14
[22:22:11] [modloading-worker-0/INFO] - extraalchemy: 1.10.0
[22:22:11] [modloading-worker-0/INFO] - extragore: 5.2.3.1
[22:22:11] [modloading-worker-0/INFO] - fabric_api: 0.92.2+1.11.8+1.20.1
[22:22:11] [modloading-worker-0/INFO] - fabric_api_base: 0.4.31+ef105b4977
[22:22:11] [modloading-worker-0/INFO] - fabric_api_lookup_api_v1: 1.6.36+67f9824077
[22:22:11] [modloading-worker-0/INFO] - fabric_biome_api_v1: 13.0.13+dc36698e77
[22:22:11] [modloading-worker-0/INFO] - fabric_block_api_v1: 1.0.11+0e6cb7f777
[22:22:11] [modloading-worker-0/INFO] - fabric_block_view_api_v2: 1.0.1+0767707077
[22:22:11] [modloading-worker-0/INFO] - fabric_blockrenderlayer_v1: 1.1.41+1d0da21e77
[22:22:11] [modloading-worker-0/INFO] - fabric_client_tags_api_v1: 1.1.2+5d6761b877
[22:22:11] [modloading-worker-0/INFO] - fabric_command_api_v1: 1.2.34+f71b366f77
[22:22:11] [modloading-worker-0/INFO] - fabric_command_api_v2: 2.2.13+561530ec77
[22:22:11] [modloading-worker-0/INFO] - fabric_content_registries_v0: 4.0.11+a670df1e77
[22:22:11] [modloading-worker-0/INFO] - fabric_convention_tags_v1: 1.5.5+fa3d1c0177
[22:22:11] [modloading-worker-0/INFO] - fabric_data_attachment_api_v1: 1.0.0+30ef839e77
[22:22:11] [modloading-worker-0/INFO] - fabric_data_generation_api_v1: 12.3.4+369cb3a477
[22:22:11] [modloading-worker-0/INFO] - fabric_dimensions_v1: 2.1.54+8005d10d77
[22:22:11] [modloading-worker-0/INFO] - fabric_entity_events_v1: 1.6.0+6274ab9d77
[22:22:11] [modloading-worker-0/INFO] - fabric_events_interaction_v0: 0.6.2+0d0bd5a777
[22:22:11] [modloading-worker-0/INFO] - fabric_game_rule_api_v1: 1.0.40+683d4da877
[22:22:11] [modloading-worker-0/INFO] - fabric_item_api_v1: 2.1.28+4d0bbcfa77
[22:22:11] [modloading-worker-0/INFO] - fabric_item_group_api_v1: 4.0.12+c9161c2d77
[22:22:11] [modloading-worker-0/INFO] - fabric_key_binding_api_v1: 1.0.37+561530ec77
[22:22:11] [modloading-worker-0/INFO] - fabric_language_kotlin: 1.11.0kotlin.2.0.0
[22:22:11] [modloading-worker-0/INFO] - fabric_lifecycle_events_v1: 2.2.22+afab492177
[22:22:11] [modloading-worker-0/INFO] - fabric_loot_api_v2: 1.2.1+eb28f93e77
[22:22:11] [modloading-worker-0/INFO] - fabric_message_api_v1: 5.1.9+52cc178c77
[22:22:11] [modloading-worker-0/INFO] - fabric_mining_level_api_v1: 2.1.50+561530ec77
[22:22:11] [modloading-worker-0/INFO] - fabric_model_loading_api_v1: 1.0.3+6274ab9d77
[22:22:11] [modloading-worker-0/INFO] - fabric_models_v0: 0.4.2+7c3892a477
[22:22:11] [modloading-worker-0/INFO] - fabric_networking_api_v1: 1.3.11+503a202477
[22:22:11] [modloading-worker-0/INFO] - fabric_object_builder_api_v1: 11.1.3+2174fc8477
[22:22:11] [modloading-worker-0/INFO] - fabric_particles_v1: 1.1.2+78e1ecb877
[22:22:11] [modloading-worker-0/INFO] - fabric_recipe_api_v1: 1.0.21+514a076577
[22:22:11] [modloading-worker-0/INFO] - fabric_registry_sync_v0: 2.3.3+1c0ea72177
[22:22:11] [modloading-worker-0/INFO] - fabric_renderer_api_v1: 3.2.1+1d29b44577
[22:22:11] [modloading-worker-0/INFO] - fabric_renderer_indigo: 1.5.2+b5b2da4177
[22:22:11] [modloading-worker-0/INFO] - fabric_rendering_data_attachment_v1: 0.3.37+a6081afc77
[22:22:11] [modloading-worker-0/INFO] - fabric_rendering_fluids_v1: 3.0.28+4ac5e37a77
[22:22:11] [modloading-worker-0/INFO] - fabric_rendering_v1: 3.0.8+66e9a48f77
[22:22:11] [modloading-worker-0/INFO] - fabric_resource_conditions_api_v1: 2.3.8+9ad825cd77
[22:22:11] [modloading-worker-0/INFO] - fabric_resource_loader_v0: 0.11.10+bcd08ed377
[22:22:11] [modloading-worker-0/INFO] - fabric_screen_api_v1: 2.0.8+45a670a577
[22:22:11] [modloading-worker-0/INFO] - fabric_screen_handler_api_v1: 1.3.30+561530ec77
[22:22:11] [modloading-worker-0/INFO] - fabric_simplelibs: 2.0.0
[22:22:11] [modloading-worker-0/INFO] - fabric_sound_api_v1: 1.0.13+4f23bd8477
[22:22:11] [modloading-worker-0/INFO] - fabric_transfer_api_v1: 3.3.5+631c9cd677
[22:22:11] [modloading-worker-0/INFO] - fabric_transitive_access_wideners_v1: 4.3.1+1880499877
[22:22:11] [modloading-worker-0/INFO] - fallingleaves: 2.1.0
[22:22:11] [modloading-worker-0/INFO] - fancymenu: 3.3.2
[22:22:11] [modloading-worker-0/INFO] - farmersdelight: 1.20.1-1.2.5
[22:22:11] [modloading-worker-0/INFO] - farmersrespite: 1.20.1-2.1
[22:22:11] [modloading-worker-0/INFO] - fastbench: 8.0.4
[22:22:11] [modloading-worker-0/INFO] - faster_entity_animations: 1.6
[22:22:11] [modloading-worker-0/INFO] - faster_random: 5.1.0
[22:22:11] [modloading-worker-0/INFO] - fastfurnace: 8.0.1
[22:22:11] [modloading-worker-0/INFO] - fastsuite: 5.0.1
[22:22:11] [modloading-worker-0/INFO] - ferritecore: 6.0.1
[22:22:11] [modloading-worker-0/INFO] - flying_stuff: 0.3.0
[22:22:11] [modloading-worker-0/INFO] - flywheel: 0.6.11-13
[22:22:11] [modloading-worker-0/INFO] - foglooksmodernnow: 1.2.1
[22:22:11] [modloading-worker-0/INFO] - folk_sisby_kaleido_config: 0.3.11.3.2
[22:22:11] [modloading-worker-0/INFO] - forge: 47.2.17
[22:22:11] [modloading-worker-0/INFO] - forgeconfigapiport: 8.0.0
[22:22:11] [modloading-worker-0/INFO] - forgeconfigscreens: 8.0.2
[22:22:11] [modloading-worker-0/INFO] - frame_changer: 2.0.0
[22:22:11] [modloading-worker-0/INFO] - framework: 0.7.6
[22:22:11] [modloading-worker-0/INFO] - fzzy_config: 0.5.8+1.20.1+forge
[22:22:11] [modloading-worker-0/INFO] - galosphere: 1.20.1-1.4.1
[22:22:11] [modloading-worker-0/INFO] - geckolib: 4.4.9
[22:22:11] [modloading-worker-0/INFO] - goated: 1.20-1.3.4
[22:22:11] [modloading-worker-0/INFO] - goodending: 1.20.1-1.0.1
[22:22:11] [modloading-worker-0/INFO] - habitat: 1.3.1
[22:22:11] [modloading-worker-0/INFO] - hardcorerevival: 12.0.6
[22:22:11] [modloading-worker-0/INFO] - head_in_the_clouds: 1.1.0
[22:22:11] [modloading-worker-0/INFO] - healpgood: 1.4.1F
[22:22:11] [modloading-worker-0/INFO] - heartstone: 1.20-1.3.0
[22:22:11] [modloading-worker-0/INFO] - heracles: 1.1.13
[22:22:11] [modloading-worker-0/INFO] - hermes: 1.6.0
[22:22:11] [modloading-worker-0/INFO] - hexcasting: 0.11.2
[22:22:11] [modloading-worker-0/INFO] - highlighter: 1.1.9
[22:22:11] [modloading-worker-0/INFO] - hourglass: 1.2.1.1
[22:22:11] [modloading-worker-0/INFO] - iceberg: 1.1.25
[22:22:11] [modloading-worker-0/INFO] - idas: 1.10.1+1.20.1
[22:22:11] [modloading-worker-0/INFO] - immediatelyfast: 1.3.2+1.20.4
[22:22:11] [modloading-worker-0/INFO] - immersive_aircraft: 1.1.5+1.20.1
[22:22:11] [modloading-worker-0/INFO] - immersive_weathering: 1.20.1-2.0.3
[22:22:11] [modloading-worker-0/INFO] - immersiveui: 0.2.2
[22:22:11] [modloading-worker-0/INFO] - impaled: 2.0.0
[22:22:11] [modloading-worker-0/INFO] - incubation: 4.0.2
[22:22:11] [modloading-worker-0/INFO] - infinite_music: 0.3.0
[22:22:11] [modloading-worker-0/INFO] - inline: 1.20.1-1.0.2
[22:22:11] [modloading-worker-0/INFO] - integrated_api: 1.5.1+1.20.1-forge
[22:22:11] [modloading-worker-0/INFO] - integrated_stronghold: 1.1.1+1.20.1-forge
[22:22:11] [modloading-worker-0/INFO] - integrated_villages: 1.1.1+1.20.1-forge
[22:22:11] [modloading-worker-0/INFO] - invmove: 0.8.4
[22:22:11] [modloading-worker-0/INFO] - item_obliterator: 2.3.0
[22:22:11] [modloading-worker-0/INFO] - ivespoken: 2.1.0
[22:22:11] [modloading-worker-0/INFO] - jade: 11.12.2+forge
[22:22:11] [modloading-worker-0/INFO] - jeed: 1.20-2.2.2
[22:22:11] [modloading-worker-0/INFO] - jei: 15.9999
[22:22:11] [modloading-worker-0/INFO] - just_ctgui: 0.1.6
[22:22:11] [modloading-worker-0/INFO] - just_dandy: 2.1.4
[22:22:11] [modloading-worker-0/INFO] - kiwi: 11.8.20+forge
[22:22:11] [modloading-worker-0/INFO] - konkrete: 1.8.0
[22:22:11] [modloading-worker-0/INFO] - kotlinforforge: 4.11.0
[22:22:11] [modloading-worker-0/INFO] - kuma_api: 20.1.8
[22:22:11] [modloading-worker-0/INFO] - languagereload: 1.5.101.20.1
[22:22:11] [modloading-worker-0/INFO] - lexiconfig: 1.3.11
[22:22:11] [modloading-worker-0/INFO] - libx: 1.20.1-5.0.14
[22:22:11] [modloading-worker-0/INFO] - lootr: 0.7.34.87
[22:22:11] [modloading-worker-0/INFO] - lunaslimes: 1.7.1
[22:22:11] [modloading-worker-0/INFO] - maelstrom_library: 1.6.1-1.20
[22:22:11] [modloading-worker-0/INFO] - man_of_many_planes: 0.2.0+1.20.1
[22:22:11] [modloading-worker-0/INFO] - mcpings: 1.0.0-alpha3
[22:22:11] [modloading-worker-0/INFO] - melody: 1.0.2
[22:22:11] [modloading-worker-0/INFO] - memoryleakfix: 1.1.5
[22:22:11] [modloading-worker-0/INFO] - mialeemisc: 1.0.39-SNAPSHOT.1
[22:22:11] [modloading-worker-0/INFO] - midnightlib: 1.4.2
[22:22:11] [modloading-worker-0/INFO] - mighty_mail: 1.0.14
[22:22:11] [modloading-worker-0/INFO] - mindful_eating: 1.1.1
[22:22:11] [modloading-worker-0/INFO] - minecraft: 1.20.1
[22:22:11] [modloading-worker-0/INFO] - miners_delight: 1.20.1-1.2.3
[22:22:11] [modloading-worker-0/INFO] - miningmaster: 4.1.3
[22:22:11] [modloading-worker-0/INFO] - mixinextras: 0.2.0-beta.8
[22:22:11] [modloading-worker-0/INFO] - mixinsquared: 0.1.1
[22:22:11] [modloading-worker-0/INFO] - mobs_attempt_parkour: 0.5.2-1.20
[22:22:11] [modloading-worker-0/INFO] - mobtimizations: 1.20.1-1.0.0
[22:22:11] [modloading-worker-0/INFO] - modelfix: 1.15
[22:22:11] [modloading-worker-0/INFO] - moderately_enough_effect_desc: 3.3.0
[22:22:11] [modloading-worker-0/INFO] - modernfix: 5.19.5+mc1.20.1
[22:22:11] [modloading-worker-0/INFO] - modmenu: 7.2.2
[22:22:11] [modloading-worker-0/INFO] - molten_metals: 1.20.1-0.1.4
[22:22:11] [modloading-worker-0/INFO] - moonlight: 1.20-2.13.30
[22:22:11] [modloading-worker-0/INFO] - moremobvariants: 1.3.0.1
[22:22:11] [modloading-worker-0/INFO] - mousetweaks: 2.25.1
[22:22:11] [modloading-worker-0/INFO] - mowziesmobs: 1.6.4
[22:22:11] [modloading-worker-0/INFO] - moyai: 1.20-2.0.2
[22:22:11] [modloading-worker-0/INFO] - mru: 1.0.4+1.20.1+forge
[22:22:11] [modloading-worker-0/INFO] - mutil: 6.1.1
[22:22:11] [modloading-worker-0/INFO] - mynethersdelight: 1.20.1-1.7.5
[22:22:11] [modloading-worker-0/INFO] - mysticaloaktree: 1.20-1.11
[22:22:11] [modloading-worker-0/INFO] - natures_spirit: 1.6.3-1.20.1
[22:22:11] [modloading-worker-0/INFO] - neapolitan: 5.0.0
[22:22:11] [modloading-worker-0/INFO] - nebs: 1.8.0
[22:22:11] [modloading-worker-0/INFO] - necronomicon: 1.6.0
[22:22:11] [modloading-worker-0/INFO] - nerb: 0.4.1
[22:22:11] [modloading-worker-0/INFO] - net_minecraft_server: 1.20.1
[22:22:11] [modloading-worker-0/INFO] - netherdungeons: 1.1.0-snapshot4
[22:22:11] [modloading-worker-0/INFO] - netherexp: 2.1.3
[22:22:11] [modloading-worker-0/INFO] - netherportalspread: 8.3
[22:22:11] [modloading-worker-0/INFO] - noblockoverlay: 1.0
[22:22:11] [modloading-worker-0/INFO] - noisium: 2.3.0+mc1.20-1.20.1
[22:22:11] [modloading-worker-0/INFO] - notenoughanimations: 1.8.1
[22:22:11] [modloading-worker-0/INFO] - nyfsspiders: 2.1.1
[22:22:11] [modloading-worker-0/INFO] - obscure_api: 15
[22:22:11] [modloading-worker-0/INFO] - obscure_tooltips: 2.2
[22:22:11] [modloading-worker-0/INFO] - obsidianui: 0.2.3+mc1.20.1
[22:22:11] [modloading-worker-0/INFO] - octolib: 0.4.2
[22:22:11] [modloading-worker-0/INFO] - oculus: 1.7.0
[22:22:11] [modloading-worker-0/INFO] - onion_onion: 2.0.1
[22:22:11] [modloading-worker-0/INFO] - options_profiles: 1.0.4
[22:22:11] [modloading-worker-0/INFO] - optipainting: 1.0.01.20.1
[22:22:11] [modloading-worker-0/INFO] - oreganized: 3.1.2
[22:22:11] [modloading-worker-0/INFO] - org_jetbrains_kotlin_kotlin_reflect: 2.0.0
[22:22:11] [modloading-worker-0/INFO] - org_jetbrains_kotlin_kotlin_stdlib: 2.0.0
[22:22:11] [modloading-worker-0/INFO] - org_jetbrains_kotlin_kotlin_stdlib_jdk7: 2.0.0
[22:22:11] [modloading-worker-0/INFO] - org_jetbrains_kotlin_kotlin_stdlib_jdk8: 2.0.0
[22:22:11] [modloading-worker-0/INFO] - org_jetbrains_kotlinx_atomicfu_jvm: 0.24.0
[22:22:11] [modloading-worker-0/INFO] - org_jetbrains_kotlinx_kotlinx_coroutines_core_jvm: 1.8.1
[22:22:11] [modloading-worker-0/INFO] - org_jetbrains_kotlinx_kotlinx_coroutines_jdk8: 1.8.1
[22:22:11] [modloading-worker-0/INFO] - org_jetbrains_kotlinx_kotlinx_datetime_jvm: 0.6.0
[22:22:11] [modloading-worker-0/INFO] - org_jetbrains_kotlinx_kotlinx_serialization_cbor_jvm: 1.6.3
[22:22:11] [modloading-worker-0/INFO] - org_jetbrains_kotlinx_kotlinx_serialization_core_jvm: 1.6.3
[22:22:11] [modloading-worker-0/INFO] - org_jetbrains_kotlinx_kotlinx_serialization_json_jvm: 1.6.3
[22:22:11] [modloading-worker-0/INFO] - out_of_sight: 1.20.1-1.0.3
[22:22:11] [modloading-worker-0/INFO] - owo: 0.11.21.20
[22:22:11] [modloading-worker-0/INFO] - packetfixer: 1.4.2
[22:22:11] [modloading-worker-0/INFO] - panorama_screens: 1.0+forge+mc1.20
[22:22:11] [modloading-worker-0/INFO] - particified: 1.0.1
[22:22:11] [modloading-worker-0/INFO] - particle_core: 0.2.5+1.20.1+forge
[22:22:11] [modloading-worker-0/INFO] - particlerain: 2.0.8
[22:22:11] [modloading-worker-0/INFO] - particletweaks: 1.1.3-Fabric1.20.1-unstable
[22:22:11] [modloading-worker-0/INFO] - particular: 1.1.1
[22:22:11] [modloading-worker-0/INFO] - passablefoliage: 8.2.1
[22:22:11] [modloading-worker-0/INFO] - patchouli: 1.20.1-84-FORGE
[22:22:11] [modloading-worker-0/INFO] - paucal: 0.6.0+1.20.1-forge
[22:22:11] [modloading-worker-0/INFO] - paxi: 1.20-Forge-4.0
[22:22:11] [modloading-worker-0/INFO] - personality: 4.0.0
[22:22:11] [modloading-worker-0/INFO] - perspective: 1.2.0-alpha.2
[22:22:11] [modloading-worker-0/INFO] - pickupnotifier: 8.0.0
[22:22:11] [modloading-worker-0/INFO] - picohud: 1.6.71.20
[22:22:11] [modloading-worker-0/INFO] - piglinproliferation: 1.20.1-1.2.5
[22:22:11] [modloading-worker-0/INFO] - placebo: 8.6.0
[22:22:11] [modloading-worker-0/INFO] - playeranimator: 1.0.2-rc1+1.20
[22:22:11] [modloading-worker-0/INFO] - plonk: 10.0.5
[22:22:11] [modloading-worker-0/INFO] - polytone: 1.20-2.4.2
[22:22:11] [modloading-worker-0/INFO] - portfolio: 1.20.1-1.4.0-forge
[22:22:11] [modloading-worker-0/INFO] - potionparticlepack: 1.0.1
[22:22:11] [modloading-worker-0/INFO] - prism: 1.0.5
[22:22:11] [modloading-worker-0/INFO] - puppypaws: 1.0.0
[22:22:11] [modloading-worker-0/INFO] - puzzlesaccessapi: 8.0.9
[22:22:11] [modloading-worker-0/INFO] - puzzlesapi: 8.1.6
[22:22:11] [modloading-worker-0/INFO] - puzzleslib: 8.1.25
[22:22:11] [modloading-worker-0/INFO] - quark: 4.0-460
[22:22:11] [modloading-worker-0/INFO] - radium: 0.12.4+git.26c9d8e
[22:22:11] [modloading-worker-0/INFO] - random_mob_sizes: 1.20.1-2.2.3
[22:22:11] [modloading-worker-0/INFO] - realmrpg_skeletons: 1.0.3
[22:22:11] [modloading-worker-0/INFO] - rei_plugin_compatibilities: 12.0.93
[22:22:11] [modloading-worker-0/INFO] - resourcefulconfig: 2.1.2
[22:22:11] [modloading-worker-0/INFO] - resourcefullib: 2.1.29
[22:22:11] [modloading-worker-0/INFO] - resourcepackoverrides: 8.0.3
[22:22:11] [modloading-worker-0/INFO] - respiteful: 1.2.1
[22:22:11] [modloading-worker-0/INFO] - ribbits: 1.20.1-Forge-3.0.0
[22:22:11] [modloading-worker-0/INFO] - roasted: 1.0.0
[22:22:11] [modloading-worker-0/INFO] - roughlyenoughitems: 12.1.785
[22:22:11] [modloading-worker-0/INFO] - rubidium: 0.7.1
[22:22:11] [modloading-worker-0/INFO] - ruby_exchange: 1.0.0
[22:22:11] [modloading-worker-0/INFO] - ryoamiclights: 0.2.3+mc1.20.1
[22:22:11] [modloading-worker-0/INFO] - salwayseat: 5.2
[22:22:11] [modloading-worker-0/INFO] - sapience: 1.20.1-1.0.0
[22:22:11] [modloading-worker-0/INFO] - satin: 1.20.1+1.15.0-SNAPSHOT
[22:22:11] [modloading-worker-0/INFO] - sawmill: 1.20-1.4.3
[22:22:11] [modloading-worker-0/INFO] - screenshot_viewer: 1.3.2-forge-mc1.20.1
[22:22:11] [modloading-worker-0/INFO] - scriptor: 1.2.5-1.20.1
[22:22:11] [modloading-worker-0/INFO] - sculkhorde: 1.20.1-0.9.17
[22:22:11] [modloading-worker-0/INFO] - seamless_loading_screen: 2.0.3+1.20.1
[22:22:11] [modloading-worker-0/INFO] - searchables: 1.0.3
[22:22:11] [modloading-worker-0/INFO] - secondchanceforge: 1.5.1
[22:22:11] [modloading-worker-0/INFO] - servercore: 1.5.2+1.20.1
[22:22:11] [modloading-worker-0/INFO] - sherdsapi: 4.0.4
[22:22:11] [modloading-worker-0/INFO] - shutter: 2.0.6-1.20.1
[22:22:11] [modloading-worker-0/INFO] - simpleradio: 2.4.6.1
[22:22:11] [modloading-worker-0/INFO] - sleep_tight: 1.20-1.1.19
[22:22:11] [modloading-worker-0/INFO] - smalltetraadditions: 1.20-7.0
[22:22:11] [modloading-worker-0/INFO] - smoothboot: 0.0.4
[22:22:11] [modloading-worker-0/INFO] - smoothscroll: 1.9.1
[22:22:11] [modloading-worker-0/INFO] - smoothskies: 1.1.0
[22:22:11] [modloading-worker-0/INFO] - smoothswapping: 0.9.2
[22:22:11] [modloading-worker-0/INFO] - sneakycurses: 8.0.2
[22:22:11] [modloading-worker-0/INFO] - snowyspirit: 1.20-3.0.10
[22:22:11] [modloading-worker-0/INFO] - soul_fire_d: 4.0.6
[22:22:11] [modloading-worker-0/INFO] - sound_physics_remastered: 1.20.1-1.4.5
[22:22:11] [modloading-worker-0/INFO] - sounds: 2.2.0+1.20.1+forge
[22:22:11] [modloading-worker-0/INFO] - spark: 1.10.53
[22:22:11] [modloading-worker-0/INFO] - spawn: 1.20.1-1.0.2
[22:22:11] [modloading-worker-0/INFO] - spawnbalanceutility: 46.13.5
[22:22:11] [modloading-worker-0/INFO] - species: 1.20.1-2.2-forge
[22:22:11] [modloading-worker-0/INFO] - spectrelib: 0.13.141.20.1
[22:22:11] [modloading-worker-0/INFO] - spelunkers_charm: 3.6.0
[22:22:11] [modloading-worker-0/INFO] - spelunkery: 1.20.1-0.3.13
[22:22:11] [modloading-worker-0/INFO] - step_height_entity_attribute: 1.2.0
[22:22:11] [modloading-worker-0/INFO] - structure_gel: 2.16.2
[22:22:11] [modloading-worker-0/INFO] - stylisheffects: 8.0.2
[22:22:11] [modloading-worker-0/INFO] - sullysmod: 3.1.2-beta
[22:22:11] [modloading-worker-0/INFO] - supplementaries: 1.20-3.1.9
[22:22:11] [modloading-worker-0/INFO] - surveyor: 0.6.251.20
[22:22:11] [modloading-worker-0/INFO] - sushi_bar: 0.1.0
[22:22:11] [modloading-worker-0/INFO] - symbol_chat: 1.20.1-1.1.2
[22:22:11] [modloading-worker-0/INFO] - taniwha: 1.20.0-5.4.4
[22:22:11] [modloading-worker-0/INFO] - taxfreelevels: 1.4.1
[22:22:11] [modloading-worker-0/INFO] - temporalapi: 1.6.6
[22:22:11] [modloading-worker-0/INFO] - terrablender: 3.0.1.7
[22:22:11] [modloading-worker-0/INFO] - terraform: 7.0.1
[22:22:11] [modloading-worker-0/INFO] - terraform_wood_api_v1: 7.0.1
[22:22:11] [modloading-worker-0/INFO] - tetra: 6.5.0
[22:22:11] [modloading-worker-0/INFO] - tetracelium: 1.3.1
[22:22:11] [modloading-worker-0/INFO] - tetranomicon: 1.5.3-1.20.1
[22:22:11] [modloading-worker-0/INFO] - tetratic_combat_expanded: 2.8.0
[22:22:11] [modloading-worker-0/INFO] - thecomfortzone: 1.20.1-4.1.0
[22:22:11] [modloading-worker-0/INFO] - threads: 1.0.2
[22:22:11] [modloading-worker-0/INFO] - tipsmod: 12.1.8
[22:22:11] [modloading-worker-0/INFO] - trackwork: 1.0.2c
[22:22:11] [modloading-worker-0/INFO] - transmog: 1.3.0+1.20
[22:22:11] [modloading-worker-0/INFO] - trials: 2.3.2
[22:22:11] [modloading-worker-0/INFO] - trolldom: 2.0.1
[22:22:11] [modloading-worker-0/INFO] - twigs: 1.20.1-3.1.1
[22:22:11] [modloading-worker-0/INFO] - undergarden: 0.8.14
[22:22:11] [modloading-worker-0/INFO] - undergardendelight: 1.0.0
[22:22:11] [modloading-worker-0/INFO] - unusualend: 2.2.3
[22:22:11] [modloading-worker-0/INFO] - upgrade_aquatic: 6.0.1
[22:22:11] [modloading-worker-0/INFO] - valkyrienskies: 2.3.0-beta.5
[22:22:11] [modloading-worker-0/INFO] - visual_keybinder: 1.20.1 - 0.1.5
[22:22:11] [modloading-worker-0/INFO] - visuality: 2.0.2
[22:22:11] [modloading-worker-0/INFO] - visualworkbench: 8.0.0
[22:22:11] [modloading-worker-0/INFO] - voicechat: 1.20.1-2.5.26
[22:22:11] [modloading-worker-0/INFO] - vs_eureka: 1.5.1-beta.3
[22:22:11] [modloading-worker-0/INFO] - vsch: 1.1.8
[22:22:11] [modloading-worker-0/INFO] - wakes: 0.2.41.20.1
[22:22:11] [modloading-worker-0/INFO] - wares: 1.2.9
[22:22:11] [modloading-worker-0/INFO] - watut: 1.20.1-1.1.3
[22:22:11] [modloading-worker-0/INFO] - waystones: 14.1.6
[22:22:11] [modloading-worker-0/INFO] - woodworks: 3.0.1
[22:22:11] [modloading-worker-0/INFO] - worldplaytime: 1.2.3
[22:22:11] [modloading-worker-0/INFO] - xercamusic: 1.20.1-1.0.2
[22:22:11] [modloading-worker-0/INFO] - yaclx: 1.10
[22:22:11] [modloading-worker-0/INFO] - yet_another_config_lib_v3: 3.6.1+1.20.1-forge
[22:22:11] [modloading-worker-0/INFO] - youwereslain: 1.0.0-1.20.x
[22:22:11] [modloading-worker-0/INFO] - yungsapi: 1.20-Forge-4.0.6
[22:22:11] [modloading-worker-0/INFO] - zeta: 1.0-24
[22:22:11] [modloading-worker-0/INFO] - zetter: 0.21.5
[22:22:11] [modloading-worker-0/INFO] - zettergallery: 0.6.0
[22:22:11] [modloading-worker-0/INFO] ========================================
[22:22:12] [modloading-worker-0/DEBUG] [REI] Added filtering rule [roughlyenoughitems:search]: INSTANCE
[22:22:12] [modloading-worker-0/DEBUG] [REI] Added filtering rule [roughlyenoughitems:manual]: INSTANCE
[22:22:12] [modloading-worker-0/DEBUG] [REI] Added filtering rule [roughlyenoughitems:basic]: INSTANCE
[22:22:13] [modloading-worker-0/INFO] [REI] Config loaded
[22:22:13] [modloading-worker-0/DEBUG] [REI] Config saved
[22:22:13] [modloading-worker-0/DEBUG] [REI] Config saved
[22:22:17] [modloading-worker-0/DEBUG] [REI] Config saved
[22:22:17] [modloading-worker-0/INFO] [REI] Registered plugin provider OwoReiPlugin [owo] for REIPlugin
[22:22:17] [modloading-worker-0/INFO] [REI] Registered plugin provider FabricFluidAPISupportPlugin for REIServerPlugin
[22:22:17] [modloading-worker-0/INFO] [REI] Registered plugin provider FabricFluidAPISupportPlugin for REIPlugin
[22:22:17] [modloading-worker-0/INFO] [REI] Registered plugin provider almostunified.roughlyenoughitems [almostunified] for REIPlugin
[22:22:17] [modloading-worker-0/INFO] [REI] Registered plugin provider ReiIsDumbClientPlugin [ad_astra] for REIPlugin
[22:22:17] [modloading-worker-0/INFO] [REI] Registered plugin provider REI Plugin Compatibilities Client Handler [rei_plugin_compatibilities, jei] for REIPlugin
[22:22:17] [modloading-worker-0/INFO] [REI] Registered plugin provider ForgeStylishEffectsReiPlugin [stylisheffects] for REIPlugin
[22:22:17] [modloading-worker-0/INFO] [REI] Registered plugin provider ReiIsDumbClientPlugin [heracles] for REIPlugin
[22:22:17] [modloading-worker-0/INFO] [REI] Registered plugin provider REICombatForge [immersive_aircraft] for REIPlugin
[22:22:17] [modloading-worker-0/INFO] [REI] Registered plugin provider REIPlugin [jeed] for REIPlugin
[22:22:17] [modloading-worker-0/INFO] [REI] Registered plugin provider BreweryREIClientPluginForge [brewery] for REIPlugin
[22:22:17] [modloading-worker-0/INFO] [REI] Registered plugin provider REICompat [supplementaries] for REIPlugin
[22:22:17] [modloading-worker-0/INFO] [REI] Registered plugin provider REI Plugin Compatibilities Adapter [rei_plugin_compatibilities, jei] for REIPlugin
[22:22:17] [modloading-worker-0/INFO] [REI] Registered plugin provider DefaultPluginImpl [roughlyenoughitems] for REIServerPlugin
[22:22:17] [modloading-worker-0/INFO] [REI] Registered plugin provider DefaultPluginImpl [roughlyenoughitems] for REIPlugin
[22:22:17] [modloading-worker-0/INFO] [REI] Registered plugin provider DefaultRuntimePlugin [roughlyenoughitems] for REIServerPlugin
[22:22:17] [modloading-worker-0/INFO] [REI] Registered plugin provider DefaultRuntimePlugin [roughlyenoughitems] for REIPlugin
[22:22:17] [modloading-worker-0/INFO] [REI] Registered plugin provider REI Plugin Compatibilities Adapter [rei_plugin_compatibilities, jei] for REIServerPlugin
[22:22:17] [modloading-worker-0/INFO] [REI] Registered plugin provider OwoReiPlugin [owo] for REIClientPlugin
[22:22:17] [modloading-worker-0/INFO] [REI] Registered plugin provider DefaultClientPluginImpl [roughlyenoughitems] for REIClientPlugin
[22:22:17] [modloading-worker-0/INFO] [REI] Registered plugin provider DefaultClientPluginImpl [roughlyenoughitems] for REIPlugin
[22:22:17] [modloading-worker-0/INFO] [REI] Registered plugin provider DefaultClientRuntimePlugin [roughlyenoughitems] for REIClientPlugin
[22:22:17] [modloading-worker-0/INFO] [REI] Registered plugin provider DefaultClientRuntimePlugin [roughlyenoughitems] for REIPlugin
[22:22:17] [modloading-worker-0/DEBUG] [REI] Added filtering rule [roughlyenoughitems:hidden_from_recipe_viewers]: INSTANCE
[22:22:17] [modloading-worker-0/INFO] [REI] Registered plugin provider HideIngredientsFromTagsPlugin [roughlyenoughitems] for REIClientPlugin
[22:22:17] [modloading-worker-0/INFO] [REI] Registered plugin provider HideIngredientsFromTagsPlugin [roughlyenoughitems] for REIPlugin
[22:22:17] [modloading-worker-0/INFO] [REI] Registered plugin provider almostunified.roughlyenoughitems [almostunified] for REIClientPlugin
[22:22:17] [modloading-worker-0/INFO] [REI] Registered plugin provider ReiIsDumbClientPlugin [ad_astra] for REIClientPlugin
[22:22:17] [modloading-worker-0/INFO] [REI] Registered plugin provider REI Plugin Compatibilities Client Handler [rei_plugin_compatibilities, jei] for REIClientPlugin
[22:22:17] [modloading-worker-0/INFO] [REI] Registered plugin provider ForgeStylishEffectsReiPlugin [stylisheffects] for REIClientPlugin
[22:22:17] [modloading-worker-0/INFO] [REI] Registered plugin provider ReiIsDumbClientPlugin [heracles] for REIClientPlugin
[22:22:17] [modloading-worker-0/INFO] [REI] Registered plugin provider REICombatForge [immersive_aircraft] for REIClientPlugin
[22:22:17] [modloading-worker-0/INFO] [REI] Registered plugin provider REIPlugin [jeed] for REIClientPlugin
[22:22:17] [modloading-worker-0/INFO] [REI] Registered plugin provider BreweryREIClientPluginForge [brewery] for REIClientPlugin
[22:22:17] [modloading-worker-0/INFO] [REI] Registered plugin provider REICompat [supplementaries] for REIClientPlugin
[22:22:17] [modloading-worker-0/INFO] [REI] Registered plugin provider REI Plugin Compatibilities Adapter [rei_plugin_compatibilities, jei] for REIClientPlugin
[22:25:40] [Render thread/DEBUG] [REI] Player quit, clearing reload tasks!
[22:25:40] [Render thread/DEBUG] [REI] Did not fulfill the request of termination of REI reload tasks because there are no uninterrupted running tasks. This is not an error.
